[ 2017-03-08T09:53:31+08:00 ] 127.0.0.1 /DomainSystem/index.php/Admin/Customer/customerlist
INFO: [ app_init ] --START--
INFO: Run Behavior\BuildLiteBehavior [ RunTime:0.000018s ]
INFO: [ app_init ] --END-- [ RunTime:0.000935s ]
INFO: [ app_begin ] --START--
INFO: Run Behavior\ReadHtmlCacheBehavior [ RunTime:0.001163s ]
INFO: [ app_begin ] --END-- [ RunTime:0.001213s ]
INFO: [ view_parse ] --START--
INFO: [ template_filter ] --START--
INFO: Run Behavior\ContentReplaceBehavior [ RunTime:0.000087s ]
INFO: [ template_filter ] --END-- [ RunTime:0.000144s ]
INFO: Run Behavior\ParseTemplateBehavior [ RunTime:0.020561s ]
INFO: [ view_parse ] --END-- [ RunTime:0.020607s ]
INFO: [ view_filter ] --START--
INFO: Run Behavior\WriteHtmlCacheBehavior [ RunTime:0.001555s ]
INFO: [ view_filter ] --END-- [ RunTime:0.001600s ]

[ 2017-03-08T09:53:34+08:00 ] 127.0.0.1 /DomainSystem/index.php/Admin/Login/index
INFO: [ app_init ] --START--
INFO: Run Behavior\BuildLiteBehavior [ RunTime:0.000018s ]
INFO: [ app_init ] --END-- [ RunTime:0.000234s ]
INFO: [ app_begin ] --START--
INFO: Run Behavior\ReadHtmlCacheBehavior [ RunTime:0.000063s ]
INFO: [ app_begin ] --END-- [ RunTime:0.000119s ]
INFO: [ view_parse ] --START--
INFO: [ template_filter ] --START--
INFO: Run Behavior\ContentReplaceBehavior [ RunTime:0.000050s ]
INFO: [ template_filter ] --END-- [ RunTime:0.000107s ]
INFO: Run Behavior\ParseTemplateBehavior [ RunTime:0.069960s ]
INFO: [ view_parse ] --END-- [ RunTime:0.070021s ]
INFO: [ view_filter ] --START--
INFO: Run Behavior\WriteHtmlCacheBehavior [ RunTime:0.000058s ]
INFO: [ view_filter ] --END-- [ RunTime:0.000084s ]
INFO: [ app_end ] --START--
INFO: Run Behavior\ShowPageTraceBehavior [ RunTime:0.003514s ]
INFO: [ app_end ] --END-- [ RunTime:0.003567s ]

[ 2017-03-08T09:53:40+08:00 ] 127.0.0.1 /DomainSystem/index.php/Admin/Login/checkLog
INFO: [ app_init ] --START--
INFO: Run Behavior\BuildLiteBehavior [ RunTime:0.000012s ]
INFO: [ app_init ] --END-- [ RunTime:0.000093s ]
INFO: [ app_begin ] --START--
INFO: Run Behavior\ReadHtmlCacheBehavior [ RunTime:0.000047s ]
INFO: [ app_begin ] --END-- [ RunTime:0.000080s ]
NOTIC: [8192] mysql_connect(): The mysql extension is deprecated and will be removed in the future: use mysqli or PDO instead /var/www/html/DomainSystem/ThinkPHP/Library/Think/Db/Driver/Mysql.class.php 第 52 行.
SQL: SHOW COLUMNS FROM `db_admins` [ RunTime:0.000340s ]
SQL: SELECT `id`,`username`,`regtime` FROM `db_admins` WHERE `username` = 'root' AND `password` = 'root' LIMIT 1   [ RunTime:0.000191s ]
INFO: [ view_parse ] --START--
INFO: [ template_filter ] --START--
INFO: Run Behavior\ContentReplaceBehavior [ RunTime:0.000038s ]
INFO: [ template_filter ] --END-- [ RunTime:0.000075s ]
INFO: Run Behavior\ParseTemplateBehavior [ RunTime:0.002363s ]
INFO: [ view_parse ] --END-- [ RunTime:0.002394s ]
INFO: [ view_filter ] --START--
INFO: Run Behavior\WriteHtmlCacheBehavior [ RunTime:0.000034s ]
INFO: [ view_filter ] --END-- [ RunTime:0.000048s ]
INFO: [ app_end ] --START--
INFO: Run Behavior\ShowPageTraceBehavior [ RunTime:0.000039s ]
INFO: [ app_end ] --END-- [ RunTime:0.000054s ]

[ 2017-03-08T09:53:43+08:00 ] 127.0.0.1 /DomainSystem/index.php/Admin/Profile/index
INFO: [ app_init ] --START--
INFO: Run Behavior\BuildLiteBehavior [ RunTime:0.000023s ]
INFO: [ app_init ] --END-- [ RunTime:0.000177s ]
INFO: [ app_begin ] --START--
INFO: Run Behavior\ReadHtmlCacheBehavior [ RunTime:0.000092s ]
INFO: [ app_begin ] --END-- [ RunTime:0.000167s ]
NOTIC: [8192] mysql_connect(): The mysql extension is deprecated and will be removed in the future: use mysqli or PDO instead /var/www/html/DomainSystem/ThinkPHP/Library/Think/Db/Driver/Mysql.class.php 第 52 行.
SQL: SHOW COLUMNS FROM `db_admins` [ RunTime:0.000524s ]
SQL: SELECT * FROM `db_admins` WHERE `id` = 1 LIMIT 1   [ RunTime:0.000303s ]
INFO: [ view_parse ] --START--
INFO: [ template_filter ] --START--
INFO: Run Behavior\ContentReplaceBehavior [ RunTime:0.000164s ]
INFO: [ template_filter ] --END-- [ RunTime:0.000224s ]
NOTIC: [2] file_put_contents(./Application/Runtime/Cache/Admin/a88ff00f0577ec87581262e44e2647d9.php): failed to open stream: Permission denied /var/www/html/DomainSystem/ThinkPHP/Library/Think/Storage/Driver/File.class.php 第 46 行.
ERR: _STORAGE_WRITE_ERROR_:./Application/Runtime/Cache/Admin/a88ff00f0577ec87581262e44e2647d9.php

[ 2017-03-08T09:54:35+08:00 ] 127.0.0.1 /DomainSystem/index.php/Admin/Profile/index
INFO: [ app_init ] --START--
INFO: Run Behavior\BuildLiteBehavior [ RunTime:0.000016s ]
INFO: [ app_init ] --END-- [ RunTime:0.000127s ]
INFO: [ app_begin ] --START--
INFO: Run Behavior\ReadHtmlCacheBehavior [ RunTime:0.000059s ]
INFO: [ app_begin ] --END-- [ RunTime:0.000105s ]
NOTIC: [8192] mysql_connect(): The mysql extension is deprecated and will be removed in the future: use mysqli or PDO instead /var/www/html/DomainSystem/ThinkPHP/Library/Think/Db/Driver/Mysql.class.php 第 52 行.
SQL: SHOW COLUMNS FROM `db_admins` [ RunTime:0.000893s ]
SQL: SELECT * FROM `db_admins` WHERE `id` = 1 LIMIT 1   [ RunTime:0.001955s ]
INFO: [ view_parse ] --START--
INFO: [ template_filter ] --START--
INFO: Run Behavior\ContentReplaceBehavior [ RunTime:0.000076s ]
INFO: [ template_filter ] --END-- [ RunTime:0.000108s ]
INFO: Run Behavior\ParseTemplateBehavior [ RunTime:0.013750s ]
INFO: [ view_parse ] --END-- [ RunTime:0.013775s ]
INFO: [ view_filter ] --START--
INFO: Run Behavior\WriteHtmlCacheBehavior [ RunTime:0.000048s ]
INFO: [ view_filter ] --END-- [ RunTime:0.000064s ]
INFO: [ app_end ] --START--
INFO: Run Behavior\ShowPageTraceBehavior [ RunTime:0.000029s ]
INFO: [ app_end ] --END-- [ RunTime:0.000048s ]

[ 2017-03-08T09:54:38+08:00 ] 127.0.0.1 /DomainSystem/index.php/Admin/Customer/customerlist
INFO: [ app_init ] --START--
INFO: Run Behavior\BuildLiteBehavior [ RunTime:0.000020s ]
INFO: [ app_init ] --END-- [ RunTime:0.000147s ]
INFO: [ app_begin ] --START--
INFO: Run Behavior\ReadHtmlCacheBehavior [ RunTime:0.000052s ]
INFO: [ app_begin ] --END-- [ RunTime:0.000094s ]
NOTIC: [8192] mysql_connect(): The mysql extension is deprecated and will be removed in the future: use mysqli or PDO instead /var/www/html/DomainSystem/ThinkPHP/Library/Think/Db/Driver/Mysql.class.php 第 52 行.
SQL: SHOW COLUMNS FROM `db_users` [ RunTime:0.000703s ]
NOTIC: [8] Undefined index: limit /var/www/html/DomainSystem/ThinkPHP/Library/Think/Db.class.php 第 788 行.
SQL: SELECT * FROM `db_users` WHERE ( id>=0 ) ORDER BY regtime desc LIMIT 0,20   [ RunTime:0.000473s ]
SQL: SELECT COUNT(*) AS tp_count FROM `db_users` WHERE ( id>=0 ) LIMIT 1   [ RunTime:0.000193s ]
INFO: [ view_parse ] --START--
INFO: [ template_filter ] --START--
INFO: Run Behavior\ContentReplaceBehavior [ RunTime:0.000092s ]
INFO: [ template_filter ] --END-- [ RunTime:0.000132s ]
INFO: Run Behavior\ParseTemplateBehavior [ RunTime:0.008699s ]
INFO: [ view_parse ] --END-- [ RunTime:0.008731s ]
INFO: [ view_filter ] --START--
INFO: Run Behavior\WriteHtmlCacheBehavior [ RunTime:0.000033s ]
INFO: [ view_filter ] --END-- [ RunTime:0.000047s ]
INFO: [ app_end ] --START--
INFO: Run Behavior\ShowPageTraceBehavior [ RunTime:0.000060s ]
INFO: [ app_end ] --END-- [ RunTime:0.000081s ]

[ 2017-03-08T09:54:42+08:00 ] 127.0.0.1 /DomainSystem/index.php/Admin/Customer/customerdetail/id/4
INFO: [ app_init ] --START--
INFO: Run Behavior\BuildLiteBehavior [ RunTime:0.000010s ]
INFO: [ app_init ] --END-- [ RunTime:0.000061s ]
INFO: [ app_begin ] --START--
INFO: Run Behavior\ReadHtmlCacheBehavior [ RunTime:0.000023s ]
INFO: [ app_begin ] --END-- [ RunTime:0.000039s ]
NOTIC: [8192] mysql_connect(): The mysql extension is deprecated and will be removed in the future: use mysqli or PDO instead /var/www/html/DomainSystem/ThinkPHP/Library/Think/Db/Driver/Mysql.class.php 第 52 行.
SQL: SHOW COLUMNS FROM `db_users` [ RunTime:0.000328s ]
SQL: SELECT * FROM `db_users` WHERE `id` = 4 LIMIT 1   [ RunTime:0.000137s ]
SQL: SHOW COLUMNS FROM `db_order` [ RunTime:0.000229s ]
SQL: SELECT * FROM `db_order` WHERE `username` = 'test' ORDER BY issuedate desc  [ RunTime:0.000121s ]
INFO: [ view_parse ] --START--
INFO: [ template_filter ] --START--
INFO: Run Behavior\ContentReplaceBehavior [ RunTime:0.000225s ]
INFO: [ template_filter ] --END-- [ RunTime:0.000261s ]
NOTIC: [8] Undefined variable: page /var/www/html/DomainSystem/Application/Runtime/Cache/Admin/63409da7b17cd8d2f27e15d4f5e235b9.php 第 739 行.
INFO: Run Behavior\ParseTemplateBehavior [ RunTime:0.020054s ]
INFO: [ view_parse ] --END-- [ RunTime:0.020076s ]
INFO: [ view_filter ] --START--
INFO: Run Behavior\WriteHtmlCacheBehavior [ RunTime:0.000032s ]
INFO: [ view_filter ] --END-- [ RunTime:0.000044s ]
INFO: [ app_end ] --START--
INFO: Run Behavior\ShowPageTraceBehavior [ RunTime:0.000053s ]
INFO: [ app_end ] --END-- [ RunTime:0.000094s ]

[ 2017-03-08T09:57:47+08:00 ] 127.0.0.1 /DomainSystem/index.php/Admin/Customer/customerdetail/id/4
INFO: [ app_init ] --START--
INFO: Run Behavior\BuildLiteBehavior [ RunTime:0.000023s ]
INFO: [ app_init ] --END-- [ RunTime:0.000178s ]
INFO: [ app_begin ] --START--
INFO: Run Behavior\ReadHtmlCacheBehavior [ RunTime:0.000090s ]
INFO: [ app_begin ] --END-- [ RunTime:0.000163s ]
NOTIC: [8192] mysql_connect(): The mysql extension is deprecated and will be removed in the future: use mysqli or PDO instead /var/www/html/DomainSystem/ThinkPHP/Library/Think/Db/Driver/Mysql.class.php 第 52 行.
SQL: SHOW COLUMNS FROM `db_users` [ RunTime:0.015174s ]
SQL: SELECT * FROM `db_users` WHERE `id` = 4 LIMIT 1   [ RunTime:0.000077s ]
SQL: SHOW COLUMNS FROM `db_order` [ RunTime:0.000369s ]
SQL: SELECT * FROM `db_order` WHERE `username` = 'test' ORDER BY issuedate desc  [ RunTime:0.000054s ]
INFO: [ view_parse ] --START--
INFO: [ template_filter ] --START--
INFO: Run Behavior\ContentReplaceBehavior [ RunTime:0.000250s ]
INFO: [ template_filter ] --END-- [ RunTime:0.000301s ]
NOTIC: [8] Undefined variable: page /var/www/html/DomainSystem/Application/Runtime/Cache/Admin/63409da7b17cd8d2f27e15d4f5e235b9.php 第 739 行.
NOTIC: [8] Undefined variable: page /var/www/html/DomainSystem/Application/Runtime/Cache/Admin/63409da7b17cd8d2f27e15d4f5e235b9.php 第 780 行.
INFO: Run Behavior\ParseTemplateBehavior [ RunTime:0.025131s ]
INFO: [ view_parse ] --END-- [ RunTime:0.025171s ]
INFO: [ view_filter ] --START--
INFO: Run Behavior\WriteHtmlCacheBehavior [ RunTime:0.000058s ]
INFO: [ view_filter ] --END-- [ RunTime:0.000081s ]
INFO: [ app_end ] --START--
INFO: Run Behavior\ShowPageTraceBehavior [ RunTime:0.000048s ]
INFO: [ app_end ] --END-- [ RunTime:0.000082s ]

[ 2017-03-08T10:28:27+08:00 ] 127.0.0.1 /DomainSystem/index.php/Admin/Customer/customerdetail/id/4
INFO: [ app_init ] --START--
INFO: Run Behavior\BuildLiteBehavior [ RunTime:0.000078s ]
INFO: [ app_init ] --END-- [ RunTime:0.000311s ]
INFO: [ app_begin ] --START--
INFO: Run Behavior\ReadHtmlCacheBehavior [ RunTime:0.000132s ]
INFO: [ app_begin ] --END-- [ RunTime:0.000222s ]
NOTIC: [8192] mysql_connect(): The mysql extension is deprecated and will be removed in the future: use mysqli or PDO instead /var/www/html/DomainSystem/ThinkPHP/Library/Think/Db/Driver/Mysql.class.php 第 52 行.
SQL: SHOW COLUMNS FROM `db_users` [ RunTime:0.001046s ]
SQL: SELECT * FROM `db_users` WHERE `id` = 4 LIMIT 1   [ RunTime:0.000068s ]
SQL: SHOW COLUMNS FROM `db_domainmgr` [ RunTime:0.000462s ]
SQL: SELECT * FROM `db_domainmgr` WHERE `username` = 'test' AND `status` = 'active' ORDER BY id desc  [ RunTime:0.000381s ]
SQL: SHOW COLUMNS FROM `db_order` [ RunTime:0.000369s ]
SQL: SELECT * FROM `db_order` WHERE `username` = 'test' ORDER BY issuedate desc  [ RunTime:0.002295s ]
INFO: [ view_parse ] --START--
INFO: [ template_filter ] --START--
INFO: Run Behavior\ContentReplaceBehavior [ RunTime:0.000291s ]
INFO: [ template_filter ] --END-- [ RunTime:0.000345s ]
NOTIC: [8] Undefined variable: page /var/www/html/DomainSystem/Application/Runtime/Cache/Admin/63409da7b17cd8d2f27e15d4f5e235b9.php 第 746 行.
NOTIC: [8] Undefined variable: page /var/www/html/DomainSystem/Application/Runtime/Cache/Admin/63409da7b17cd8d2f27e15d4f5e235b9.php 第 787 行.
INFO: Run Behavior\ParseTemplateBehavior [ RunTime:0.024364s ]
INFO: [ view_parse ] --END-- [ RunTime:0.024402s ]
INFO: [ view_filter ] --START--
INFO: Run Behavior\WriteHtmlCacheBehavior [ RunTime:0.000100s ]
INFO: [ view_filter ] --END-- [ RunTime:0.000119s ]
INFO: [ app_end ] --START--
INFO: Run Behavior\ShowPageTraceBehavior [ RunTime:0.001618s ]
INFO: [ app_end ] --END-- [ RunTime:0.001665s ]

[ 2017-03-08T10:28:29+08:00 ] 127.0.0.1 /DomainSystem/index.php/Admin/Customer/customerlist
INFO: [ app_init ] --START--
INFO: Run Behavior\BuildLiteBehavior [ RunTime:0.000014s ]
INFO: [ app_init ] --END-- [ RunTime:0.000113s ]
INFO: [ app_begin ] --START--
INFO: Run Behavior\ReadHtmlCacheBehavior [ RunTime:0.000030s ]
INFO: [ app_begin ] --END-- [ RunTime:0.000053s ]
NOTIC: [8192] mysql_connect(): The mysql extension is deprecated and will be removed in the future: use mysqli or PDO instead /var/www/html/DomainSystem/ThinkPHP/Library/Think/Db/Driver/Mysql.class.php 第 52 行.
SQL: SHOW COLUMNS FROM `db_users` [ RunTime:0.000417s ]
NOTIC: [8] Undefined index: limit /var/www/html/DomainSystem/ThinkPHP/Library/Think/Db.class.php 第 788 行.
SQL: SELECT * FROM `db_users` WHERE ( id>=0 ) ORDER BY regtime desc LIMIT 0,20   [ RunTime:0.000059s ]
SQL: SELECT COUNT(*) AS tp_count FROM `db_users` WHERE ( id>=0 ) LIMIT 1   [ RunTime:0.000877s ]
INFO: [ view_parse ] --START--
INFO: [ template_filter ] --START--
INFO: Run Behavior\ContentReplaceBehavior [ RunTime:0.000119s ]
INFO: [ template_filter ] --END-- [ RunTime:0.000173s ]
INFO: Run Behavior\ParseTemplateBehavior [ RunTime:0.010239s ]
INFO: [ view_parse ] --END-- [ RunTime:0.010272s ]
INFO: [ view_filter ] --START--
INFO: Run Behavior\WriteHtmlCacheBehavior [ RunTime:0.000037s ]
INFO: [ view_filter ] --END-- [ RunTime:0.000056s ]
INFO: [ app_end ] --START--
INFO: Run Behavior\ShowPageTraceBehavior [ RunTime:0.000032s ]
INFO: [ app_end ] --END-- [ RunTime:0.000053s ]

[ 2017-03-08T10:28:33+08:00 ] 127.0.0.1 /DomainSystem/index.php/Admin/Customer/customerdetail/id/4
INFO: [ app_init ] --START--
INFO: Run Behavior\BuildLiteBehavior [ RunTime:0.000012s ]
INFO: [ app_init ] --END-- [ RunTime:0.000109s ]
INFO: [ app_begin ] --START--
INFO: Run Behavior\ReadHtmlCacheBehavior [ RunTime:0.000040s ]
INFO: [ app_begin ] --END-- [ RunTime:0.000072s ]
NOTIC: [8192] mysql_connect(): The mysql extension is deprecated and will be removed in the future: use mysqli or PDO instead /var/www/html/DomainSystem/ThinkPHP/Library/Think/Db/Driver/Mysql.class.php 第 52 行.
SQL: SHOW COLUMNS FROM `db_users` [ RunTime:0.000683s ]
SQL: SELECT * FROM `db_users` WHERE `id` = 4 LIMIT 1   [ RunTime:0.000875s ]
SQL: SHOW COLUMNS FROM `db_domainmgr` [ RunTime:0.000468s ]
SQL: SELECT * FROM `db_domainmgr` WHERE `username` = 'test' AND `status` = 'active' ORDER BY id desc  [ RunTime:0.000639s ]
SQL: SHOW COLUMNS FROM `db_order` [ RunTime:0.000370s ]
SQL: SELECT * FROM `db_order` WHERE `username` = 'test' ORDER BY issuedate desc  [ RunTime:0.000294s ]
INFO: [ view_parse ] --START--
INFO: [ template_filter ] --START--
INFO: Run Behavior\ContentReplaceBehavior [ RunTime:0.000226s ]
INFO: [ template_filter ] --END-- [ RunTime:0.000266s ]
NOTIC: [8] Undefined variable: page /var/www/html/DomainSystem/Application/Runtime/Cache/Admin/63409da7b17cd8d2f27e15d4f5e235b9.php 第 746 行.
NOTIC: [8] Undefined variable: page /var/www/html/DomainSystem/Application/Runtime/Cache/Admin/63409da7b17cd8d2f27e15d4f5e235b9.php 第 787 行.
INFO: Run Behavior\ParseTemplateBehavior [ RunTime:0.038169s ]
INFO: [ view_parse ] --END-- [ RunTime:0.038209s ]
INFO: [ view_filter ] --START--
INFO: Run Behavior\WriteHtmlCacheBehavior [ RunTime:0.000058s ]
INFO: [ view_filter ] --END-- [ RunTime:0.000072s ]
INFO: [ app_end ] --START--
INFO: Run Behavior\ShowPageTraceBehavior [ RunTime:0.000397s ]
INFO: [ app_end ] --END-- [ RunTime:0.000465s ]

[ 2017-03-08T10:35:41+08:00 ] 127.0.0.1 /DomainSystem/index.php/Admin/Customer/customerdetail/id/4
INFO: [ app_init ] --START--
INFO: Run Behavior\BuildLiteBehavior [ RunTime:0.000016s ]
INFO: [ app_init ] --END-- [ RunTime:0.000134s ]
INFO: [ app_begin ] --START--
INFO: Run Behavior\ReadHtmlCacheBehavior [ RunTime:0.000051s ]
INFO: [ app_begin ] --END-- [ RunTime:0.000088s ]
NOTIC: [8192] mysql_connect(): The mysql extension is deprecated and will be removed in the future: use mysqli or PDO instead /var/www/html/DomainSystem/ThinkPHP/Library/Think/Db/Driver/Mysql.class.php 第 52 行.
SQL: SHOW COLUMNS FROM `db_users` [ RunTime:0.000723s ]
SQL: SELECT * FROM `db_users` WHERE `id` = 4 LIMIT 1   [ RunTime:0.000081s ]
SQL: SHOW COLUMNS FROM `db_domainmgr` [ RunTime:0.000484s ]
SQL: SELECT * FROM `db_domainmgr` WHERE `username` = 'test' AND `status` = 'active' ORDER BY id desc  [ RunTime:0.000063s ]
SQL: SHOW COLUMNS FROM `db_order` [ RunTime:0.000423s ]
SQL: SELECT * FROM `db_order` WHERE `username` = 'test' ORDER BY issuedate desc  [ RunTime:0.000054s ]
INFO: [ view_parse ] --START--
INFO: [ template_filter ] --START--
INFO: Run Behavior\ContentReplaceBehavior [ RunTime:0.000205s ]
INFO: [ template_filter ] --END-- [ RunTime:0.000272s ]
NOTIC: [8] Undefined variable: page /var/www/html/DomainSystem/Application/Runtime/Cache/Admin/63409da7b17cd8d2f27e15d4f5e235b9.php 第 746 行.
NOTIC: [8] Undefined variable: page /var/www/html/DomainSystem/Application/Runtime/Cache/Admin/63409da7b17cd8d2f27e15d4f5e235b9.php 第 787 行.
INFO: Run Behavior\ParseTemplateBehavior [ RunTime:0.021495s ]
INFO: [ view_parse ] --END-- [ RunTime:0.021522s ]
INFO: [ view_filter ] --START--
INFO: Run Behavior\WriteHtmlCacheBehavior [ RunTime:0.000070s ]
INFO: [ view_filter ] --END-- [ RunTime:0.000084s ]
INFO: [ app_end ] --START--
INFO: Run Behavior\ShowPageTraceBehavior [ RunTime:0.000055s ]
INFO: [ app_end ] --END-- [ RunTime:0.000088s ]

[ 2017-03-08T10:35:44+08:00 ] 127.0.0.1 /DomainSystem/index.php/Admin/Customer/customeradd
INFO: [ app_init ] --START--
INFO: Run Behavior\BuildLiteBehavior [ RunTime:0.000017s ]
INFO: [ app_init ] --END-- [ RunTime:0.000156s ]
INFO: [ app_begin ] --START--
INFO: Run Behavior\ReadHtmlCacheBehavior [ RunTime:0.000111s ]
INFO: [ app_begin ] --END-- [ RunTime:0.000164s ]
INFO: [ view_parse ] --START--
INFO: [ template_filter ] --START--
INFO: Run Behavior\ContentReplaceBehavior [ RunTime:0.000136s ]
INFO: [ template_filter ] --END-- [ RunTime:0.000196s ]
INFO: Run Behavior\ParseTemplateBehavior [ RunTime:0.012485s ]
INFO: [ view_parse ] --END-- [ RunTime:0.012526s ]
INFO: [ view_filter ] --START--
INFO: Run Behavior\WriteHtmlCacheBehavior [ RunTime:0.000029s ]
INFO: [ view_filter ] --END-- [ RunTime:0.000041s ]
INFO: [ app_end ] --START--
INFO: Run Behavior\ShowPageTraceBehavior [ RunTime:0.000060s ]
INFO: [ app_end ] --END-- [ RunTime:0.000095s ]

[ 2017-03-08T10:36:54+08:00 ] 127.0.0.1 /DomainSystem/index.php/Admin/Customer/customeradd
INFO: [ app_init ] --START--
INFO: Run Behavior\BuildLiteBehavior [ RunTime:0.000011s ]
INFO: [ app_init ] --END-- [ RunTime:0.000074s ]
INFO: [ app_begin ] --START--
INFO: Run Behavior\ReadHtmlCacheBehavior [ RunTime:0.000037s ]
INFO: [ app_begin ] --END-- [ RunTime:0.000068s ]
INFO: [ view_parse ] --START--
INFO: [ template_filter ] --START--
INFO: Run Behavior\ContentReplaceBehavior [ RunTime:0.000140s ]
INFO: [ template_filter ] --END-- [ RunTime:0.000198s ]
INFO: Run Behavior\ParseTemplateBehavior [ RunTime:0.024843s ]
INFO: [ view_parse ] --END-- [ RunTime:0.024892s ]
INFO: [ view_filter ] --START--
INFO: Run Behavior\WriteHtmlCacheBehavior [ RunTime:0.000063s ]
INFO: [ view_filter ] --END-- [ RunTime:0.000086s ]
INFO: [ app_end ] --START--
INFO: Run Behavior\ShowPageTraceBehavior [ RunTime:0.000052s ]
INFO: [ app_end ] --END-- [ RunTime:0.000090s ]

[ 2017-03-08T10:38:13+08:00 ] 127.0.0.1 /DomainSystem/index.php/Admin/Customer/customeradd
INFO: [ app_init ] --START--
INFO: Run Behavior\BuildLiteBehavior [ RunTime:0.000019s ]
INFO: [ app_init ] --END-- [ RunTime:0.000139s ]
INFO: [ app_begin ] --START--
INFO: Run Behavior\ReadHtmlCacheBehavior [ RunTime:0.000049s ]
INFO: [ app_begin ] --END-- [ RunTime:0.000086s ]
INFO: [ view_parse ] --START--
INFO: [ template_filter ] --START--
INFO: Run Behavior\ContentReplaceBehavior [ RunTime:0.000102s ]
INFO: [ template_filter ] --END-- [ RunTime:0.000143s ]
NOTIC: [8] Undefined variable: cusid /var/www/html/DomainSystem/Application/Runtime/Cache/Admin/db0e2e2ed88c95528c81a46db074c6a7.php 第 595 行.
NOTIC: [8] Undefined variable: profiles /var/www/html/DomainSystem/Application/Runtime/Cache/Admin/db0e2e2ed88c95528c81a46db074c6a7.php 第 597 行.
NOTIC: [8] Undefined variable: profiles /var/www/html/DomainSystem/Application/Runtime/Cache/Admin/db0e2e2ed88c95528c81a46db074c6a7.php 第 599 行.
NOTIC: [8] Undefined variable: profiles /var/www/html/DomainSystem/Application/Runtime/Cache/Admin/db0e2e2ed88c95528c81a46db074c6a7.php 第 601 行.
NOTIC: [8] Undefined variable: profiles /var/www/html/DomainSystem/Application/Runtime/Cache/Admin/db0e2e2ed88c95528c81a46db074c6a7.php 第 603 行.
NOTIC: [8] Undefined variable: profiles /var/www/html/DomainSystem/Application/Runtime/Cache/Admin/db0e2e2ed88c95528c81a46db074c6a7.php 第 606 行.
NOTIC: [8] Undefined variable: profiles /var/www/html/DomainSystem/Application/Runtime/Cache/Admin/db0e2e2ed88c95528c81a46db074c6a7.php 第 608 行.
NOTIC: [8] Undefined variable: profiles /var/www/html/DomainSystem/Application/Runtime/Cache/Admin/db0e2e2ed88c95528c81a46db074c6a7.php 第 610 行.
NOTIC: [8] Undefined variable: profiles /var/www/html/DomainSystem/Application/Runtime/Cache/Admin/db0e2e2ed88c95528c81a46db074c6a7.php 第 620 行.
NOTIC: [8] Undefined variable: profiles /var/www/html/DomainSystem/Application/Runtime/Cache/Admin/db0e2e2ed88c95528c81a46db074c6a7.php 第 622 行.
NOTIC: [8] Undefined variable: profiles /var/www/html/DomainSystem/Application/Runtime/Cache/Admin/db0e2e2ed88c95528c81a46db074c6a7.php 第 625 行.
NOTIC: [8] Undefined variable: profiles /var/www/html/DomainSystem/Application/Runtime/Cache/Admin/db0e2e2ed88c95528c81a46db074c6a7.php 第 627 行.
NOTIC: [8] Undefined variable: profiles /var/www/html/DomainSystem/Application/Runtime/Cache/Admin/db0e2e2ed88c95528c81a46db074c6a7.php 第 629 行.
NOTIC: [8] Undefined variable: profiles /var/www/html/DomainSystem/Application/Runtime/Cache/Admin/db0e2e2ed88c95528c81a46db074c6a7.php 第 631 行.
NOTIC: [8] Undefined variable: profiles /var/www/html/DomainSystem/Application/Runtime/Cache/Admin/db0e2e2ed88c95528c81a46db074c6a7.php 第 633 行.
NOTIC: [8] Undefined variable: profiles /var/www/html/DomainSystem/Application/Runtime/Cache/Admin/db0e2e2ed88c95528c81a46db074c6a7.php 第 635 行.
NOTIC: [8] Undefined variable: profiles /var/www/html/DomainSystem/Application/Runtime/Cache/Admin/db0e2e2ed88c95528c81a46db074c6a7.php 第 655 行.
NOTIC: [8] Undefined variable: cusid /var/www/html/DomainSystem/Application/Runtime/Cache/Admin/db0e2e2ed88c95528c81a46db074c6a7.php 第 664 行.
INFO: Run Behavior\ParseTemplateBehavior [ RunTime:0.025401s ]
INFO: [ view_parse ] --END-- [ RunTime:0.025443s ]
INFO: [ view_filter ] --START--
INFO: Run Behavior\WriteHtmlCacheBehavior [ RunTime:0.000034s ]
INFO: [ view_filter ] --END-- [ RunTime:0.000046s ]
INFO: [ app_end ] --START--
INFO: Run Behavior\ShowPageTraceBehavior [ RunTime:0.000061s ]
INFO: [ app_end ] --END-- [ RunTime:0.000080s ]

[ 2017-03-08T11:01:44+08:00 ] 127.0.0.1 /DomainSystem/index.php/Admin/Customer/customeradd
INFO: [ app_init ] --START--
INFO: Run Behavior\BuildLiteBehavior [ RunTime:0.000006s ]
INFO: [ app_init ] --END-- [ RunTime:0.000062s ]
INFO: [ app_begin ] --START--
INFO: Run Behavior\ReadHtmlCacheBehavior [ RunTime:0.000028s ]
INFO: [ app_begin ] --END-- [ RunTime:0.000047s ]
INFO: [ view_parse ] --START--
INFO: [ template_filter ] --START--
INFO: Run Behavior\ContentReplaceBehavior [ RunTime:0.000099s ]
INFO: [ template_filter ] --END-- [ RunTime:0.000172s ]
NOTIC: [8] Undefined variable: profiles /var/www/html/DomainSystem/Application/Runtime/Cache/Admin/db0e2e2ed88c95528c81a46db074c6a7.php 第 603 行.
NOTIC: [8] Undefined variable: profiles /var/www/html/DomainSystem/Application/Runtime/Cache/Admin/db0e2e2ed88c95528c81a46db074c6a7.php 第 605 行.
NOTIC: [8] Undefined variable: profiles /var/www/html/DomainSystem/Application/Runtime/Cache/Admin/db0e2e2ed88c95528c81a46db074c6a7.php 第 607 行.
NOTIC: [8] Undefined variable: profiles /var/www/html/DomainSystem/Application/Runtime/Cache/Admin/db0e2e2ed88c95528c81a46db074c6a7.php 第 609 行.
NOTIC: [8] Undefined variable: profiles /var/www/html/DomainSystem/Application/Runtime/Cache/Admin/db0e2e2ed88c95528c81a46db074c6a7.php 第 619 行.
NOTIC: [8] Undefined variable: profiles /var/www/html/DomainSystem/Application/Runtime/Cache/Admin/db0e2e2ed88c95528c81a46db074c6a7.php 第 621 行.
NOTIC: [8] Undefined variable: profiles /var/www/html/DomainSystem/Application/Runtime/Cache/Admin/db0e2e2ed88c95528c81a46db074c6a7.php 第 624 行.
NOTIC: [8] Undefined variable: profiles /var/www/html/DomainSystem/Application/Runtime/Cache/Admin/db0e2e2ed88c95528c81a46db074c6a7.php 第 626 行.
NOTIC: [8] Undefined variable: profiles /var/www/html/DomainSystem/Application/Runtime/Cache/Admin/db0e2e2ed88c95528c81a46db074c6a7.php 第 628 行.
NOTIC: [8] Undefined variable: profiles /var/www/html/DomainSystem/Application/Runtime/Cache/Admin/db0e2e2ed88c95528c81a46db074c6a7.php 第 630 行.
NOTIC: [8] Undefined variable: profiles /var/www/html/DomainSystem/Application/Runtime/Cache/Admin/db0e2e2ed88c95528c81a46db074c6a7.php 第 632 行.
NOTIC: [8] Undefined variable: profiles /var/www/html/DomainSystem/Application/Runtime/Cache/Admin/db0e2e2ed88c95528c81a46db074c6a7.php 第 634 行.
NOTIC: [8] Undefined variable: profiles /var/www/html/DomainSystem/Application/Runtime/Cache/Admin/db0e2e2ed88c95528c81a46db074c6a7.php 第 665 行.
NOTIC: [8] Undefined variable: cusid /var/www/html/DomainSystem/Application/Runtime/Cache/Admin/db0e2e2ed88c95528c81a46db074c6a7.php 第 674 行.
INFO: Run Behavior\ParseTemplateBehavior [ RunTime:0.011265s ]
INFO: [ view_parse ] --END-- [ RunTime:0.011286s ]
INFO: [ view_filter ] --START--
INFO: Run Behavior\WriteHtmlCacheBehavior [ RunTime:0.000049s ]
INFO: [ view_filter ] --END-- [ RunTime:0.000064s ]
INFO: [ app_end ] --START--
INFO: Run Behavior\ShowPageTraceBehavior [ RunTime:0.000083s ]
INFO: [ app_end ] --END-- [ RunTime:0.000129s ]

[ 2017-03-08T11:01:47+08:00 ] 127.0.0.1 /DomainSystem/index.php/Admin/Customer/customeradd
INFO: [ app_init ] --START--
INFO: Run Behavior\BuildLiteBehavior [ RunTime:0.000006s ]
INFO: [ app_init ] --END-- [ RunTime:0.000052s ]
INFO: [ app_begin ] --START--
INFO: Run Behavior\ReadHtmlCacheBehavior [ RunTime:0.000023s ]
INFO: [ app_begin ] --END-- [ RunTime:0.000040s ]
INFO: [ view_parse ] --START--
INFO: [ template_filter ] --START--
INFO: Run Behavior\ContentReplaceBehavior [ RunTime:0.000086s ]
INFO: [ template_filter ] --END-- [ RunTime:0.000121s ]
NOTIC: [8] Undefined variable: profiles /var/www/html/DomainSystem/Application/Runtime/Cache/Admin/db0e2e2ed88c95528c81a46db074c6a7.php 第 603 行.
NOTIC: [8] Undefined variable: profiles /var/www/html/DomainSystem/Application/Runtime/Cache/Admin/db0e2e2ed88c95528c81a46db074c6a7.php 第 605 行.
NOTIC: [8] Undefined variable: profiles /var/www/html/DomainSystem/Application/Runtime/Cache/Admin/db0e2e2ed88c95528c81a46db074c6a7.php 第 607 行.
NOTIC: [8] Undefined variable: profiles /var/www/html/DomainSystem/Application/Runtime/Cache/Admin/db0e2e2ed88c95528c81a46db074c6a7.php 第 609 行.
NOTIC: [8] Undefined variable: profiles /var/www/html/DomainSystem/Application/Runtime/Cache/Admin/db0e2e2ed88c95528c81a46db074c6a7.php 第 619 行.
NOTIC: [8] Undefined variable: profiles /var/www/html/DomainSystem/Application/Runtime/Cache/Admin/db0e2e2ed88c95528c81a46db074c6a7.php 第 621 行.
NOTIC: [8] Undefined variable: profiles /var/www/html/DomainSystem/Application/Runtime/Cache/Admin/db0e2e2ed88c95528c81a46db074c6a7.php 第 624 行.
NOTIC: [8] Undefined variable: profiles /var/www/html/DomainSystem/Application/Runtime/Cache/Admin/db0e2e2ed88c95528c81a46db074c6a7.php 第 626 行.
NOTIC: [8] Undefined variable: profiles /var/www/html/DomainSystem/Application/Runtime/Cache/Admin/db0e2e2ed88c95528c81a46db074c6a7.php 第 628 行.
NOTIC: [8] Undefined variable: profiles /var/www/html/DomainSystem/Application/Runtime/Cache/Admin/db0e2e2ed88c95528c81a46db074c6a7.php 第 630 行.
NOTIC: [8] Undefined variable: profiles /var/www/html/DomainSystem/Application/Runtime/Cache/Admin/db0e2e2ed88c95528c81a46db074c6a7.php 第 632 行.
NOTIC: [8] Undefined variable: profiles /var/www/html/DomainSystem/Application/Runtime/Cache/Admin/db0e2e2ed88c95528c81a46db074c6a7.php 第 634 行.
NOTIC: [8] Undefined variable: profiles /var/www/html/DomainSystem/Application/Runtime/Cache/Admin/db0e2e2ed88c95528c81a46db074c6a7.php 第 665 行.
NOTIC: [8] Undefined variable: cusid /var/www/html/DomainSystem/Application/Runtime/Cache/Admin/db0e2e2ed88c95528c81a46db074c6a7.php 第 674 行.
INFO: Run Behavior\ParseTemplateBehavior [ RunTime:0.011478s ]
INFO: [ view_parse ] --END-- [ RunTime:0.011499s ]
INFO: [ view_filter ] --START--
INFO: Run Behavior\WriteHtmlCacheBehavior [ RunTime:0.000035s ]
INFO: [ view_filter ] --END-- [ RunTime:0.000048s ]
INFO: [ app_end ] --START--
INFO: Run Behavior\ShowPageTraceBehavior [ RunTime:0.000033s ]
INFO: [ app_end ] --END-- [ RunTime:0.000056s ]

[ 2017-03-08T11:02:52+08:00 ] 127.0.0.1 /DomainSystem/index.php/Admin/Customer/customernew
INFO: [ app_init ] --START--
INFO: Run Behavior\BuildLiteBehavior [ RunTime:0.000010s ]
INFO: [ app_init ] --END-- [ RunTime:0.000068s ]
INFO: [ app_begin ] --START--
INFO: Run Behavior\ReadHtmlCacheBehavior [ RunTime:0.000029s ]
INFO: [ app_begin ] --END-- [ RunTime:0.000053s ]
NOTIC: [8192] mysql_connect(): The mysql extension is deprecated and will be removed in the future: use mysqli or PDO instead /var/www/html/DomainSystem/ThinkPHP/Library/Think/Db/Driver/Mysql.class.php 第 52 行.
SQL: SHOW COLUMNS FROM `db_users` [ RunTime:0.000578s ]
SQL: SELECT * FROM `db_users` WHERE `username` = 'test' LIMIT 1   [ RunTime:0.000588s ]
INFO: [ view_parse ] --START--
INFO: [ template_filter ] --START--
INFO: Run Behavior\ContentReplaceBehavior [ RunTime:0.000023s ]
INFO: [ template_filter ] --END-- [ RunTime:0.000047s ]
INFO: Run Behavior\ParseTemplateBehavior [ RunTime:0.001127s ]
INFO: [ view_parse ] --END-- [ RunTime:0.001153s ]
INFO: [ view_filter ] --START--
INFO: Run Behavior\WriteHtmlCacheBehavior [ RunTime:0.000105s ]
INFO: [ view_filter ] --END-- [ RunTime:0.000137s ]
INFO: [ app_end ] --START--
INFO: Run Behavior\ShowPageTraceBehavior [ RunTime:0.000023s ]
INFO: [ app_end ] --END-- [ RunTime:0.000035s ]

[ 2017-03-08T11:02:53+08:00 ] 127.0.0.1 /DomainSystem/index.php/Admin/Customer/customeradd
INFO: [ app_init ] --START--
INFO: Run Behavior\BuildLiteBehavior [ RunTime:0.000010s ]
INFO: [ app_init ] --END-- [ RunTime:0.000063s ]
INFO: [ app_begin ] --START--
INFO: Run Behavior\ReadHtmlCacheBehavior [ RunTime:0.000028s ]
INFO: [ app_begin ] --END-- [ RunTime:0.000058s ]
INFO: [ view_parse ] --START--
INFO: [ template_filter ] --START--
INFO: Run Behavior\ContentReplaceBehavior [ RunTime:0.000119s ]
INFO: [ template_filter ] --END-- [ RunTime:0.000168s ]
NOTIC: [8] Undefined variable: profiles /var/www/html/DomainSystem/Application/Runtime/Cache/Admin/db0e2e2ed88c95528c81a46db074c6a7.php 第 603 行.
NOTIC: [8] Undefined variable: profiles /var/www/html/DomainSystem/Application/Runtime/Cache/Admin/db0e2e2ed88c95528c81a46db074c6a7.php 第 605 行.
NOTIC: [8] Undefined variable: profiles /var/www/html/DomainSystem/Application/Runtime/Cache/Admin/db0e2e2ed88c95528c81a46db074c6a7.php 第 607 行.
NOTIC: [8] Undefined variable: profiles /var/www/html/DomainSystem/Application/Runtime/Cache/Admin/db0e2e2ed88c95528c81a46db074c6a7.php 第 609 行.
NOTIC: [8] Undefined variable: profiles /var/www/html/DomainSystem/Application/Runtime/Cache/Admin/db0e2e2ed88c95528c81a46db074c6a7.php 第 619 行.
NOTIC: [8] Undefined variable: profiles /var/www/html/DomainSystem/Application/Runtime/Cache/Admin/db0e2e2ed88c95528c81a46db074c6a7.php 第 621 行.
NOTIC: [8] Undefined variable: profiles /var/www/html/DomainSystem/Application/Runtime/Cache/Admin/db0e2e2ed88c95528c81a46db074c6a7.php 第 624 行.
NOTIC: [8] Undefined variable: profiles /var/www/html/DomainSystem/Application/Runtime/Cache/Admin/db0e2e2ed88c95528c81a46db074c6a7.php 第 626 行.
NOTIC: [8] Undefined variable: profiles /var/www/html/DomainSystem/Application/Runtime/Cache/Admin/db0e2e2ed88c95528c81a46db074c6a7.php 第 628 行.
NOTIC: [8] Undefined variable: profiles /var/www/html/DomainSystem/Application/Runtime/Cache/Admin/db0e2e2ed88c95528c81a46db074c6a7.php 第 630 行.
NOTIC: [8] Undefined variable: profiles /var/www/html/DomainSystem/Application/Runtime/Cache/Admin/db0e2e2ed88c95528c81a46db074c6a7.php 第 632 行.
NOTIC: [8] Undefined variable: profiles /var/www/html/DomainSystem/Application/Runtime/Cache/Admin/db0e2e2ed88c95528c81a46db074c6a7.php 第 634 行.
NOTIC: [8] Undefined variable: profiles /var/www/html/DomainSystem/Application/Runtime/Cache/Admin/db0e2e2ed88c95528c81a46db074c6a7.php 第 665 行.
NOTIC: [8] Undefined variable: cusid /var/www/html/DomainSystem/Application/Runtime/Cache/Admin/db0e2e2ed88c95528c81a46db074c6a7.php 第 674 行.
INFO: Run Behavior\ParseTemplateBehavior [ RunTime:0.020126s ]
INFO: [ view_parse ] --END-- [ RunTime:0.020159s ]
INFO: [ view_filter ] --START--
INFO: Run Behavior\WriteHtmlCacheBehavior [ RunTime:0.000043s ]
INFO: [ view_filter ] --END-- [ RunTime:0.000063s ]
INFO: [ app_end ] --START--
INFO: Run Behavior\ShowPageTraceBehavior [ RunTime:0.000054s ]
INFO: [ app_end ] --END-- [ RunTime:0.000086s ]

[ 2017-03-08T11:05:20+08:00 ] 127.0.0.1 /DomainSystem/index.php/Admin/Customer/customeradd
INFO: [ app_init ] --START--
INFO: Run Behavior\BuildLiteBehavior [ RunTime:0.000009s ]
INFO: [ app_init ] --END-- [ RunTime:0.000070s ]
INFO: [ app_begin ] --START--
INFO: Run Behavior\ReadHtmlCacheBehavior [ RunTime:0.000034s ]
INFO: [ app_begin ] --END-- [ RunTime:0.000062s ]
INFO: [ view_parse ] --START--
INFO: [ template_filter ] --START--
INFO: Run Behavior\ContentReplaceBehavior [ RunTime:0.000075s ]
INFO: [ template_filter ] --END-- [ RunTime:0.000110s ]
NOTIC: [8] Undefined variable: profiles /var/www/html/DomainSystem/Application/Runtime/Cache/Admin/db0e2e2ed88c95528c81a46db074c6a7.php 第 603 行.
NOTIC: [8] Undefined variable: profiles /var/www/html/DomainSystem/Application/Runtime/Cache/Admin/db0e2e2ed88c95528c81a46db074c6a7.php 第 605 行.
NOTIC: [8] Undefined variable: profiles /var/www/html/DomainSystem/Application/Runtime/Cache/Admin/db0e2e2ed88c95528c81a46db074c6a7.php 第 607 行.
NOTIC: [8] Undefined variable: profiles /var/www/html/DomainSystem/Application/Runtime/Cache/Admin/db0e2e2ed88c95528c81a46db074c6a7.php 第 609 行.
NOTIC: [8] Undefined variable: profiles /var/www/html/DomainSystem/Application/Runtime/Cache/Admin/db0e2e2ed88c95528c81a46db074c6a7.php 第 619 行.
NOTIC: [8] Undefined variable: profiles /var/www/html/DomainSystem/Application/Runtime/Cache/Admin/db0e2e2ed88c95528c81a46db074c6a7.php 第 621 行.
NOTIC: [8] Undefined variable: profiles /var/www/html/DomainSystem/Application/Runtime/Cache/Admin/db0e2e2ed88c95528c81a46db074c6a7.php 第 624 行.
NOTIC: [8] Undefined variable: profiles /var/www/html/DomainSystem/Application/Runtime/Cache/Admin/db0e2e2ed88c95528c81a46db074c6a7.php 第 626 行.
NOTIC: [8] Undefined variable: profiles /var/www/html/DomainSystem/Application/Runtime/Cache/Admin/db0e2e2ed88c95528c81a46db074c6a7.php 第 628 行.
NOTIC: [8] Undefined variable: profiles /var/www/html/DomainSystem/Application/Runtime/Cache/Admin/db0e2e2ed88c95528c81a46db074c6a7.php 第 630 行.
NOTIC: [8] Undefined variable: profiles /var/www/html/DomainSystem/Application/Runtime/Cache/Admin/db0e2e2ed88c95528c81a46db074c6a7.php 第 632 行.
NOTIC: [8] Undefined variable: profiles /var/www/html/DomainSystem/Application/Runtime/Cache/Admin/db0e2e2ed88c95528c81a46db074c6a7.php 第 634 行.
NOTIC: [8] Undefined variable: profiles /var/www/html/DomainSystem/Application/Runtime/Cache/Admin/db0e2e2ed88c95528c81a46db074c6a7.php 第 665 行.
NOTIC: [8] Undefined variable: cusid /var/www/html/DomainSystem/Application/Runtime/Cache/Admin/db0e2e2ed88c95528c81a46db074c6a7.php 第 674 行.
INFO: Run Behavior\ParseTemplateBehavior [ RunTime:0.013984s ]
INFO: [ view_parse ] --END-- [ RunTime:0.014012s ]
INFO: [ view_filter ] --START--
INFO: Run Behavior\WriteHtmlCacheBehavior [ RunTime:0.000034s ]
INFO: [ view_filter ] --END-- [ RunTime:0.000047s ]
INFO: [ app_end ] --START--
INFO: Run Behavior\ShowPageTraceBehavior [ RunTime:0.000055s ]
INFO: [ app_end ] --END-- [ RunTime:0.000073s ]

[ 2017-03-08T11:07:08+08:00 ] 127.0.0.1 /DomainSystem/index.php/Admin/Customer/customernew
INFO: [ app_init ] --START--
INFO: Run Behavior\BuildLiteBehavior [ RunTime:0.000011s ]
INFO: [ app_init ] --END-- [ RunTime:0.000096s ]
INFO: [ app_begin ] --START--
INFO: Run Behavior\ReadHtmlCacheBehavior [ RunTime:0.000031s ]
INFO: [ app_begin ] --END-- [ RunTime:0.000056s ]
NOTIC: [8192] mysql_connect(): The mysql extension is deprecated and will be removed in the future: use mysqli or PDO instead /var/www/html/DomainSystem/ThinkPHP/Library/Think/Db/Driver/Mysql.class.php 第 52 行.
SQL: SHOW COLUMNS FROM `db_users` [ RunTime:0.000384s ]
SQL: SELECT * FROM `db_users` WHERE `username` = 'test' LIMIT 1   [ RunTime:0.000056s ]
INFO: [ view_parse ] --START--
INFO: [ template_filter ] --START--
INFO: Run Behavior\ContentReplaceBehavior [ RunTime:0.000030s ]
INFO: [ template_filter ] --END-- [ RunTime:0.000061s ]
INFO: Run Behavior\ParseTemplateBehavior [ RunTime:0.003513s ]
INFO: [ view_parse ] --END-- [ RunTime:0.003551s ]
INFO: [ view_filter ] --START--
INFO: Run Behavior\WriteHtmlCacheBehavior [ RunTime:0.000037s ]
INFO: [ view_filter ] --END-- [ RunTime:0.000053s ]

[ 2017-03-08T11:07:10+08:00 ] 127.0.0.1 /DomainSystem/index.php/Admin/Customer/customeradd
INFO: [ app_init ] --START--
INFO: Run Behavior\BuildLiteBehavior [ RunTime:0.000018s ]
INFO: [ app_init ] --END-- [ RunTime:0.000121s ]
INFO: [ app_begin ] --START--
INFO: Run Behavior\ReadHtmlCacheBehavior [ RunTime:0.000059s ]
INFO: [ app_begin ] --END-- [ RunTime:0.000120s ]
INFO: [ view_parse ] --START--
INFO: [ template_filter ] --START--
INFO: Run Behavior\ContentReplaceBehavior [ RunTime:0.000149s ]
INFO: [ template_filter ] --END-- [ RunTime:0.000199s ]
NOTIC: [8] Undefined variable: profiles /var/www/html/DomainSystem/Application/Runtime/Cache/Admin/db0e2e2ed88c95528c81a46db074c6a7.php 第 603 行.
NOTIC: [8] Undefined variable: profiles /var/www/html/DomainSystem/Application/Runtime/Cache/Admin/db0e2e2ed88c95528c81a46db074c6a7.php 第 605 行.
NOTIC: [8] Undefined variable: profiles /var/www/html/DomainSystem/Application/Runtime/Cache/Admin/db0e2e2ed88c95528c81a46db074c6a7.php 第 607 行.
NOTIC: [8] Undefined variable: profiles /var/www/html/DomainSystem/Application/Runtime/Cache/Admin/db0e2e2ed88c95528c81a46db074c6a7.php 第 609 行.
NOTIC: [8] Undefined variable: profiles /var/www/html/DomainSystem/Application/Runtime/Cache/Admin/db0e2e2ed88c95528c81a46db074c6a7.php 第 619 行.
NOTIC: [8] Undefined variable: profiles /var/www/html/DomainSystem/Application/Runtime/Cache/Admin/db0e2e2ed88c95528c81a46db074c6a7.php 第 621 行.
NOTIC: [8] Undefined variable: profiles /var/www/html/DomainSystem/Application/Runtime/Cache/Admin/db0e2e2ed88c95528c81a46db074c6a7.php 第 624 行.
NOTIC: [8] Undefined variable: profiles /var/www/html/DomainSystem/Application/Runtime/Cache/Admin/db0e2e2ed88c95528c81a46db074c6a7.php 第 626 行.
NOTIC: [8] Undefined variable: profiles /var/www/html/DomainSystem/Application/Runtime/Cache/Admin/db0e2e2ed88c95528c81a46db074c6a7.php 第 628 行.
NOTIC: [8] Undefined variable: profiles /var/www/html/DomainSystem/Application/Runtime/Cache/Admin/db0e2e2ed88c95528c81a46db074c6a7.php 第 630 行.
NOTIC: [8] Undefined variable: profiles /var/www/html/DomainSystem/Application/Runtime/Cache/Admin/db0e2e2ed88c95528c81a46db074c6a7.php 第 632 行.
NOTIC: [8] Undefined variable: profiles /var/www/html/DomainSystem/Application/Runtime/Cache/Admin/db0e2e2ed88c95528c81a46db074c6a7.php 第 634 行.
NOTIC: [8] Undefined variable: profiles /var/www/html/DomainSystem/Application/Runtime/Cache/Admin/db0e2e2ed88c95528c81a46db074c6a7.php 第 665 行.
NOTIC: [8] Undefined variable: cusid /var/www/html/DomainSystem/Application/Runtime/Cache/Admin/db0e2e2ed88c95528c81a46db074c6a7.php 第 674 行.
INFO: Run Behavior\ParseTemplateBehavior [ RunTime:0.029610s ]
INFO: [ view_parse ] --END-- [ RunTime:0.029656s ]
INFO: [ view_filter ] --START--
INFO: Run Behavior\WriteHtmlCacheBehavior [ RunTime:0.000045s ]
INFO: [ view_filter ] --END-- [ RunTime:0.000065s ]
INFO: [ app_end ] --START--
INFO: Run Behavior\ShowPageTraceBehavior [ RunTime:0.000067s ]
INFO: [ app_end ] --END-- [ RunTime:0.000103s ]

[ 2017-03-08T11:08:40+08:00 ] 127.0.0.1 /DomainSystem/index.php/Admin/Customer/customernew
INFO: [ app_init ] --START--
INFO: Run Behavior\BuildLiteBehavior [ RunTime:0.000007s ]
INFO: [ app_init ] --END-- [ RunTime:0.000047s ]
INFO: [ app_begin ] --START--
INFO: Run Behavior\ReadHtmlCacheBehavior [ RunTime:0.000019s ]
INFO: [ app_begin ] --END-- [ RunTime:0.000101s ]
NOTIC: [8192] mysql_connect(): The mysql extension is deprecated and will be removed in the future: use mysqli or PDO instead /var/www/html/DomainSystem/ThinkPHP/Library/Think/Db/Driver/Mysql.class.php 第 52 行.
SQL: SHOW COLUMNS FROM `db_users` [ RunTime:0.000399s ]
SQL: SELECT * FROM `db_users` WHERE `username` = 'adb' LIMIT 1   [ RunTime:0.000607s ]
SQL: INSERT INTO `db_users` (`username`,`email`,`password`,`firstname`,`lastname`,`company`,`jobtitle`,`question`,`answer`,`address1`,`address2`,`city`,`state`,`postcode`,`country`,`phone`,`fax`,`overdue`,`taxexemption`,`currency`,`balance`,`status`) VALUES ('adb','ABC@GMAIL.COM','12345','FN','LN','GOOLE','JOB','Where is your birthplace?','adfgh','addreess1','address2','CITY','STATE',963852741,'UK','220-123-234','220','Enable','No','HKD','0.0','active') [ RunTime:0.015853s ]
INFO: [ view_parse ] --START--
INFO: [ template_filter ] --START--
INFO: Run Behavior\ContentReplaceBehavior [ RunTime:0.000028s ]
INFO: [ template_filter ] --END-- [ RunTime:0.000061s ]
INFO: Run Behavior\ParseTemplateBehavior [ RunTime:0.001294s ]
INFO: [ view_parse ] --END-- [ RunTime:0.001331s ]
INFO: [ view_filter ] --START--
INFO: Run Behavior\WriteHtmlCacheBehavior [ RunTime:0.000033s ]
INFO: [ view_filter ] --END-- [ RunTime:0.000047s ]
INFO: [ app_end ] --START--
INFO: Run Behavior\ShowPageTraceBehavior [ RunTime:0.000020s ]
INFO: [ app_end ] --END-- [ RunTime:0.000032s ]

[ 2017-03-08T11:08:41+08:00 ] 127.0.0.1 /DomainSystem/index.php/Admin/Customer/customeradd
INFO: [ app_init ] --START--
INFO: Run Behavior\BuildLiteBehavior [ RunTime:0.000017s ]
INFO: [ app_init ] --END-- [ RunTime:0.000103s ]
INFO: [ app_begin ] --START--
INFO: Run Behavior\ReadHtmlCacheBehavior [ RunTime:0.000050s ]
INFO: [ app_begin ] --END-- [ RunTime:0.000098s ]
INFO: [ view_parse ] --START--
INFO: [ template_filter ] --START--
INFO: Run Behavior\ContentReplaceBehavior [ RunTime:0.000090s ]
INFO: [ template_filter ] --END-- [ RunTime:0.000128s ]
NOTIC: [8] Undefined variable: profiles /var/www/html/DomainSystem/Application/Runtime/Cache/Admin/db0e2e2ed88c95528c81a46db074c6a7.php 第 603 行.
NOTIC: [8] Undefined variable: profiles /var/www/html/DomainSystem/Application/Runtime/Cache/Admin/db0e2e2ed88c95528c81a46db074c6a7.php 第 605 行.
NOTIC: [8] Undefined variable: profiles /var/www/html/DomainSystem/Application/Runtime/Cache/Admin/db0e2e2ed88c95528c81a46db074c6a7.php 第 607 行.
NOTIC: [8] Undefined variable: profiles /var/www/html/DomainSystem/Application/Runtime/Cache/Admin/db0e2e2ed88c95528c81a46db074c6a7.php 第 609 行.
NOTIC: [8] Undefined variable: profiles /var/www/html/DomainSystem/Application/Runtime/Cache/Admin/db0e2e2ed88c95528c81a46db074c6a7.php 第 619 行.
NOTIC: [8] Undefined variable: profiles /var/www/html/DomainSystem/Application/Runtime/Cache/Admin/db0e2e2ed88c95528c81a46db074c6a7.php 第 621 行.
NOTIC: [8] Undefined variable: profiles /var/www/html/DomainSystem/Application/Runtime/Cache/Admin/db0e2e2ed88c95528c81a46db074c6a7.php 第 624 行.
NOTIC: [8] Undefined variable: profiles /var/www/html/DomainSystem/Application/Runtime/Cache/Admin/db0e2e2ed88c95528c81a46db074c6a7.php 第 626 行.
NOTIC: [8] Undefined variable: profiles /var/www/html/DomainSystem/Application/Runtime/Cache/Admin/db0e2e2ed88c95528c81a46db074c6a7.php 第 628 行.
NOTIC: [8] Undefined variable: profiles /var/www/html/DomainSystem/Application/Runtime/Cache/Admin/db0e2e2ed88c95528c81a46db074c6a7.php 第 630 行.
NOTIC: [8] Undefined variable: profiles /var/www/html/DomainSystem/Application/Runtime/Cache/Admin/db0e2e2ed88c95528c81a46db074c6a7.php 第 632 行.
NOTIC: [8] Undefined variable: profiles /var/www/html/DomainSystem/Application/Runtime/Cache/Admin/db0e2e2ed88c95528c81a46db074c6a7.php 第 634 行.
NOTIC: [8] Undefined variable: profiles /var/www/html/DomainSystem/Application/Runtime/Cache/Admin/db0e2e2ed88c95528c81a46db074c6a7.php 第 665 行.
NOTIC: [8] Undefined variable: cusid /var/www/html/DomainSystem/Application/Runtime/Cache/Admin/db0e2e2ed88c95528c81a46db074c6a7.php 第 674 行.
INFO: Run Behavior\ParseTemplateBehavior [ RunTime:0.029982s ]
INFO: [ view_parse ] --END-- [ RunTime:0.030015s ]
INFO: [ view_filter ] --START--
INFO: Run Behavior\WriteHtmlCacheBehavior [ RunTime:0.000030s ]
INFO: [ view_filter ] --END-- [ RunTime:0.000044s ]
INFO: [ app_end ] --START--
INFO: Run Behavior\ShowPageTraceBehavior [ RunTime:0.000024s ]
INFO: [ app_end ] --END-- [ RunTime:0.000045s ]

[ 2017-03-08T11:10:22+08:00 ] 127.0.0.1 /DomainSystem/index.php/Admin/Customer/customerlist
INFO: [ app_init ] --START--
INFO: Run Behavior\BuildLiteBehavior [ RunTime:0.000011s ]
INFO: [ app_init ] --END-- [ RunTime:0.000116s ]
INFO: [ app_begin ] --START--
INFO: Run Behavior\ReadHtmlCacheBehavior [ RunTime:0.000047s ]
INFO: [ app_begin ] --END-- [ RunTime:0.000079s ]
NOTIC: [8192] mysql_connect(): The mysql extension is deprecated and will be removed in the future: use mysqli or PDO instead /var/www/html/DomainSystem/ThinkPHP/Library/Think/Db/Driver/Mysql.class.php 第 52 行.
SQL: SHOW COLUMNS FROM `db_users` [ RunTime:0.000547s ]
NOTIC: [8] Undefined index: limit /var/www/html/DomainSystem/ThinkPHP/Library/Think/Db.class.php 第 788 行.
SQL: SELECT * FROM `db_users` WHERE ( id>=0 ) ORDER BY regtime desc LIMIT 0,20   [ RunTime:0.000382s ]
SQL: SELECT COUNT(*) AS tp_count FROM `db_users` WHERE ( id>=0 ) LIMIT 1   [ RunTime:0.001755s ]
INFO: [ view_parse ] --START--
INFO: [ template_filter ] --START--
INFO: Run Behavior\ContentReplaceBehavior [ RunTime:0.000107s ]
INFO: [ template_filter ] --END-- [ RunTime:0.000144s ]
INFO: Run Behavior\ParseTemplateBehavior [ RunTime:0.010695s ]
INFO: [ view_parse ] --END-- [ RunTime:0.010724s ]
INFO: [ view_filter ] --START--
INFO: Run Behavior\WriteHtmlCacheBehavior [ RunTime:0.000033s ]
INFO: [ view_filter ] --END-- [ RunTime:0.000046s ]
INFO: [ app_end ] --START--
INFO: Run Behavior\ShowPageTraceBehavior [ RunTime:0.000033s ]
INFO: [ app_end ] --END-- [ RunTime:0.000051s ]

[ 2017-03-08T11:10:24+08:00 ] 127.0.0.1 /DomainSystem/index.php/Admin/Customer/customeradd
INFO: [ app_init ] --START--
INFO: Run Behavior\BuildLiteBehavior [ RunTime:0.000008s ]
INFO: [ app_init ] --END-- [ RunTime:0.000048s ]
INFO: [ app_begin ] --START--
INFO: Run Behavior\ReadHtmlCacheBehavior [ RunTime:0.000020s ]
INFO: [ app_begin ] --END-- [ RunTime:0.000041s ]
INFO: [ view_parse ] --START--
INFO: [ template_filter ] --START--
INFO: Run Behavior\ContentReplaceBehavior [ RunTime:0.000095s ]
INFO: [ template_filter ] --END-- [ RunTime:0.000135s ]
NOTIC: [8] Undefined variable: profiles /var/www/html/DomainSystem/Application/Runtime/Cache/Admin/db0e2e2ed88c95528c81a46db074c6a7.php 第 603 行.
NOTIC: [8] Undefined variable: profiles /var/www/html/DomainSystem/Application/Runtime/Cache/Admin/db0e2e2ed88c95528c81a46db074c6a7.php 第 605 行.
NOTIC: [8] Undefined variable: profiles /var/www/html/DomainSystem/Application/Runtime/Cache/Admin/db0e2e2ed88c95528c81a46db074c6a7.php 第 607 行.
NOTIC: [8] Undefined variable: profiles /var/www/html/DomainSystem/Application/Runtime/Cache/Admin/db0e2e2ed88c95528c81a46db074c6a7.php 第 609 行.
NOTIC: [8] Undefined variable: profiles /var/www/html/DomainSystem/Application/Runtime/Cache/Admin/db0e2e2ed88c95528c81a46db074c6a7.php 第 619 行.
NOTIC: [8] Undefined variable: profiles /var/www/html/DomainSystem/Application/Runtime/Cache/Admin/db0e2e2ed88c95528c81a46db074c6a7.php 第 621 行.
NOTIC: [8] Undefined variable: profiles /var/www/html/DomainSystem/Application/Runtime/Cache/Admin/db0e2e2ed88c95528c81a46db074c6a7.php 第 624 行.
NOTIC: [8] Undefined variable: profiles /var/www/html/DomainSystem/Application/Runtime/Cache/Admin/db0e2e2ed88c95528c81a46db074c6a7.php 第 626 行.
NOTIC: [8] Undefined variable: profiles /var/www/html/DomainSystem/Application/Runtime/Cache/Admin/db0e2e2ed88c95528c81a46db074c6a7.php 第 628 行.
NOTIC: [8] Undefined variable: profiles /var/www/html/DomainSystem/Application/Runtime/Cache/Admin/db0e2e2ed88c95528c81a46db074c6a7.php 第 630 行.
NOTIC: [8] Undefined variable: profiles /var/www/html/DomainSystem/Application/Runtime/Cache/Admin/db0e2e2ed88c95528c81a46db074c6a7.php 第 632 行.
NOTIC: [8] Undefined variable: profiles /var/www/html/DomainSystem/Application/Runtime/Cache/Admin/db0e2e2ed88c95528c81a46db074c6a7.php 第 634 行.
NOTIC: [8] Undefined variable: cusid /var/www/html/DomainSystem/Application/Runtime/Cache/Admin/db0e2e2ed88c95528c81a46db074c6a7.php 第 674 行.
INFO: Run Behavior\ParseTemplateBehavior [ RunTime:0.013056s ]
INFO: [ view_parse ] --END-- [ RunTime:0.013079s ]
INFO: [ view_filter ] --START--
INFO: Run Behavior\WriteHtmlCacheBehavior [ RunTime:0.000045s ]
INFO: [ view_filter ] --END-- [ RunTime:0.000064s ]
INFO: [ app_end ] --START--
INFO: Run Behavior\ShowPageTraceBehavior [ RunTime:0.000027s ]
INFO: [ app_end ] --END-- [ RunTime:0.000049s ]

[ 2017-03-08T11:10:28+08:00 ] 127.0.0.1 /DomainSystem/index.php/Admin/Customer/customerlist
INFO: [ app_init ] --START--
INFO: Run Behavior\BuildLiteBehavior [ RunTime:0.000007s ]
INFO: [ app_init ] --END-- [ RunTime:0.000052s ]
INFO: [ app_begin ] --START--
INFO: Run Behavior\ReadHtmlCacheBehavior [ RunTime:0.000026s ]
INFO: [ app_begin ] --END-- [ RunTime:0.000046s ]
NOTIC: [8192] mysql_connect(): The mysql extension is deprecated and will be removed in the future: use mysqli or PDO instead /var/www/html/DomainSystem/ThinkPHP/Library/Think/Db/Driver/Mysql.class.php 第 52 行.
SQL: SHOW COLUMNS FROM `db_users` [ RunTime:0.000374s ]
NOTIC: [8] Undefined index: limit /var/www/html/DomainSystem/ThinkPHP/Library/Think/Db.class.php 第 788 行.
SQL: SELECT * FROM `db_users` WHERE ( id>=0 ) ORDER BY regtime desc LIMIT 0,20   [ RunTime:0.000046s ]
SQL: SELECT COUNT(*) AS tp_count FROM `db_users` WHERE ( id>=0 ) LIMIT 1   [ RunTime:0.000032s ]
INFO: [ view_parse ] --START--
INFO: [ template_filter ] --START--
INFO: Run Behavior\ContentReplaceBehavior [ RunTime:0.000082s ]
INFO: [ template_filter ] --END-- [ RunTime:0.000116s ]
INFO: Run Behavior\ParseTemplateBehavior [ RunTime:0.012205s ]
INFO: [ view_parse ] --END-- [ RunTime:0.012240s ]
INFO: [ view_filter ] --START--
INFO: Run Behavior\WriteHtmlCacheBehavior [ RunTime:0.000040s ]
INFO: [ view_filter ] --END-- [ RunTime:0.000058s ]
INFO: [ app_end ] --START--
INFO: Run Behavior\ShowPageTraceBehavior [ RunTime:0.000031s ]
INFO: [ app_end ] --END-- [ RunTime:0.000729s ]

[ 2017-03-08T11:10:30+08:00 ] 127.0.0.1 /DomainSystem/index.php/Admin/Customer/customeradd
INFO: [ app_init ] --START--
INFO: Run Behavior\BuildLiteBehavior [ RunTime:0.000008s ]
INFO: [ app_init ] --END-- [ RunTime:0.000050s ]
INFO: [ app_begin ] --START--
INFO: Run Behavior\ReadHtmlCacheBehavior [ RunTime:0.000055s ]
INFO: [ app_begin ] --END-- [ RunTime:0.000080s ]
INFO: [ view_parse ] --START--
INFO: [ template_filter ] --START--
INFO: Run Behavior\ContentReplaceBehavior [ RunTime:0.000096s ]
INFO: [ template_filter ] --END-- [ RunTime:0.000137s ]
NOTIC: [8] Undefined variable: profiles /var/www/html/DomainSystem/Application/Runtime/Cache/Admin/db0e2e2ed88c95528c81a46db074c6a7.php 第 603 行.
NOTIC: [8] Undefined variable: profiles /var/www/html/DomainSystem/Application/Runtime/Cache/Admin/db0e2e2ed88c95528c81a46db074c6a7.php 第 605 行.
NOTIC: [8] Undefined variable: profiles /var/www/html/DomainSystem/Application/Runtime/Cache/Admin/db0e2e2ed88c95528c81a46db074c6a7.php 第 607 行.
NOTIC: [8] Undefined variable: profiles /var/www/html/DomainSystem/Application/Runtime/Cache/Admin/db0e2e2ed88c95528c81a46db074c6a7.php 第 609 行.
NOTIC: [8] Undefined variable: profiles /var/www/html/DomainSystem/Application/Runtime/Cache/Admin/db0e2e2ed88c95528c81a46db074c6a7.php 第 619 行.
NOTIC: [8] Undefined variable: profiles /var/www/html/DomainSystem/Application/Runtime/Cache/Admin/db0e2e2ed88c95528c81a46db074c6a7.php 第 621 行.
NOTIC: [8] Undefined variable: profiles /var/www/html/DomainSystem/Application/Runtime/Cache/Admin/db0e2e2ed88c95528c81a46db074c6a7.php 第 624 行.
NOTIC: [8] Undefined variable: profiles /var/www/html/DomainSystem/Application/Runtime/Cache/Admin/db0e2e2ed88c95528c81a46db074c6a7.php 第 626 行.
NOTIC: [8] Undefined variable: profiles /var/www/html/DomainSystem/Application/Runtime/Cache/Admin/db0e2e2ed88c95528c81a46db074c6a7.php 第 628 行.
NOTIC: [8] Undefined variable: profiles /var/www/html/DomainSystem/Application/Runtime/Cache/Admin/db0e2e2ed88c95528c81a46db074c6a7.php 第 630 行.
NOTIC: [8] Undefined variable: profiles /var/www/html/DomainSystem/Application/Runtime/Cache/Admin/db0e2e2ed88c95528c81a46db074c6a7.php 第 632 行.
NOTIC: [8] Undefined variable: profiles /var/www/html/DomainSystem/Application/Runtime/Cache/Admin/db0e2e2ed88c95528c81a46db074c6a7.php 第 634 行.
NOTIC: [8] Undefined variable: cusid /var/www/html/DomainSystem/Application/Runtime/Cache/Admin/db0e2e2ed88c95528c81a46db074c6a7.php 第 674 行.
INFO: Run Behavior\ParseTemplateBehavior [ RunTime:0.015991s ]
INFO: [ view_parse ] --END-- [ RunTime:0.016015s ]
INFO: [ view_filter ] --START--
INFO: Run Behavior\WriteHtmlCacheBehavior [ RunTime:0.001818s ]
INFO: [ view_filter ] --END-- [ RunTime:0.001854s ]
INFO: [ app_end ] --START--
INFO: Run Behavior\ShowPageTraceBehavior [ RunTime:0.000030s ]
INFO: [ app_end ] --END-- [ RunTime:0.000050s ]

[ 2017-03-08T11:12:28+08:00 ] 127.0.0.1 /DomainSystem/index.php/Admin/Customer/customeradd
INFO: [ app_init ] --START--
INFO: Run Behavior\BuildLiteBehavior [ RunTime:0.000024s ]
INFO: [ app_init ] --END-- [ RunTime:0.000186s ]
INFO: [ app_begin ] --START--
INFO: Run Behavior\ReadHtmlCacheBehavior [ RunTime:0.000093s ]
INFO: [ app_begin ] --END-- [ RunTime:0.000169s ]
INFO: [ view_parse ] --START--
INFO: [ template_filter ] --START--
INFO: Run Behavior\ContentReplaceBehavior [ RunTime:0.000142s ]
INFO: [ template_filter ] --END-- [ RunTime:0.000196s ]
NOTIC: [8] Undefined variable: profiles /var/www/html/DomainSystem/Application/Runtime/Cache/Admin/db0e2e2ed88c95528c81a46db074c6a7.php 第 603 行.
NOTIC: [8] Undefined variable: profiles /var/www/html/DomainSystem/Application/Runtime/Cache/Admin/db0e2e2ed88c95528c81a46db074c6a7.php 第 605 行.
NOTIC: [8] Undefined variable: profiles /var/www/html/DomainSystem/Application/Runtime/Cache/Admin/db0e2e2ed88c95528c81a46db074c6a7.php 第 607 行.
NOTIC: [8] Undefined variable: profiles /var/www/html/DomainSystem/Application/Runtime/Cache/Admin/db0e2e2ed88c95528c81a46db074c6a7.php 第 609 行.
NOTIC: [8] Undefined variable: profiles /var/www/html/DomainSystem/Application/Runtime/Cache/Admin/db0e2e2ed88c95528c81a46db074c6a7.php 第 619 行.
NOTIC: [8] Undefined variable: profiles /var/www/html/DomainSystem/Application/Runtime/Cache/Admin/db0e2e2ed88c95528c81a46db074c6a7.php 第 621 行.
NOTIC: [8] Undefined variable: profiles /var/www/html/DomainSystem/Application/Runtime/Cache/Admin/db0e2e2ed88c95528c81a46db074c6a7.php 第 624 行.
NOTIC: [8] Undefined variable: profiles /var/www/html/DomainSystem/Application/Runtime/Cache/Admin/db0e2e2ed88c95528c81a46db074c6a7.php 第 626 行.
NOTIC: [8] Undefined variable: profiles /var/www/html/DomainSystem/Application/Runtime/Cache/Admin/db0e2e2ed88c95528c81a46db074c6a7.php 第 628 行.
NOTIC: [8] Undefined variable: profiles /var/www/html/DomainSystem/Application/Runtime/Cache/Admin/db0e2e2ed88c95528c81a46db074c6a7.php 第 630 行.
NOTIC: [8] Undefined variable: profiles /var/www/html/DomainSystem/Application/Runtime/Cache/Admin/db0e2e2ed88c95528c81a46db074c6a7.php 第 632 行.
NOTIC: [8] Undefined variable: profiles /var/www/html/DomainSystem/Application/Runtime/Cache/Admin/db0e2e2ed88c95528c81a46db074c6a7.php 第 634 行.
NOTIC: [8] Undefined variable: cusid /var/www/html/DomainSystem/Application/Runtime/Cache/Admin/db0e2e2ed88c95528c81a46db074c6a7.php 第 674 行.
INFO: Run Behavior\ParseTemplateBehavior [ RunTime:0.024183s ]
INFO: [ view_parse ] --END-- [ RunTime:0.024240s ]
INFO: [ view_filter ] --START--
INFO: Run Behavior\WriteHtmlCacheBehavior [ RunTime:0.000059s ]
INFO: [ view_filter ] --END-- [ RunTime:0.000100s ]
INFO: [ app_end ] --START--
INFO: Run Behavior\ShowPageTraceBehavior [ RunTime:0.000045s ]
INFO: [ app_end ] --END-- [ RunTime:0.000077s ]

[ 2017-03-08T11:12:32+08:00 ] 127.0.0.1 /DomainSystem/index.php/Admin/Customer/customeradd
INFO: [ app_init ] --START--
INFO: Run Behavior\BuildLiteBehavior [ RunTime:0.000029s ]
INFO: [ app_init ] --END-- [ RunTime:0.000082s ]
INFO: [ app_begin ] --START--
INFO: Run Behavior\ReadHtmlCacheBehavior [ RunTime:0.000027s ]
INFO: [ app_begin ] --END-- [ RunTime:0.000047s ]
INFO: [ view_parse ] --START--
INFO: [ template_filter ] --START--
INFO: Run Behavior\ContentReplaceBehavior [ RunTime:0.000115s ]
INFO: [ template_filter ] --END-- [ RunTime:0.000176s ]
NOTIC: [8] Undefined variable: profiles /var/www/html/DomainSystem/Application/Runtime/Cache/Admin/db0e2e2ed88c95528c81a46db074c6a7.php 第 603 行.
NOTIC: [8] Undefined variable: profiles /var/www/html/DomainSystem/Application/Runtime/Cache/Admin/db0e2e2ed88c95528c81a46db074c6a7.php 第 605 行.
NOTIC: [8] Undefined variable: profiles /var/www/html/DomainSystem/Application/Runtime/Cache/Admin/db0e2e2ed88c95528c81a46db074c6a7.php 第 607 行.
NOTIC: [8] Undefined variable: profiles /var/www/html/DomainSystem/Application/Runtime/Cache/Admin/db0e2e2ed88c95528c81a46db074c6a7.php 第 609 行.
NOTIC: [8] Undefined variable: profiles /var/www/html/DomainSystem/Application/Runtime/Cache/Admin/db0e2e2ed88c95528c81a46db074c6a7.php 第 619 行.
NOTIC: [8] Undefined variable: profiles /var/www/html/DomainSystem/Application/Runtime/Cache/Admin/db0e2e2ed88c95528c81a46db074c6a7.php 第 621 行.
NOTIC: [8] Undefined variable: profiles /var/www/html/DomainSystem/Application/Runtime/Cache/Admin/db0e2e2ed88c95528c81a46db074c6a7.php 第 624 行.
NOTIC: [8] Undefined variable: profiles /var/www/html/DomainSystem/Application/Runtime/Cache/Admin/db0e2e2ed88c95528c81a46db074c6a7.php 第 626 行.
NOTIC: [8] Undefined variable: profiles /var/www/html/DomainSystem/Application/Runtime/Cache/Admin/db0e2e2ed88c95528c81a46db074c6a7.php 第 628 行.
NOTIC: [8] Undefined variable: profiles /var/www/html/DomainSystem/Application/Runtime/Cache/Admin/db0e2e2ed88c95528c81a46db074c6a7.php 第 630 行.
NOTIC: [8] Undefined variable: profiles /var/www/html/DomainSystem/Application/Runtime/Cache/Admin/db0e2e2ed88c95528c81a46db074c6a7.php 第 632 行.
NOTIC: [8] Undefined variable: profiles /var/www/html/DomainSystem/Application/Runtime/Cache/Admin/db0e2e2ed88c95528c81a46db074c6a7.php 第 634 行.
NOTIC: [8] Undefined variable: cusid /var/www/html/DomainSystem/Application/Runtime/Cache/Admin/db0e2e2ed88c95528c81a46db074c6a7.php 第 674 行.
INFO: Run Behavior\ParseTemplateBehavior [ RunTime:0.014629s ]
INFO: [ view_parse ] --END-- [ RunTime:0.014653s ]
INFO: [ view_filter ] --START--
INFO: Run Behavior\WriteHtmlCacheBehavior [ RunTime:0.000039s ]
INFO: [ view_filter ] --END-- [ RunTime:0.000055s ]
INFO: [ app_end ] --START--
INFO: Run Behavior\ShowPageTraceBehavior [ RunTime:0.000033s ]
INFO: [ app_end ] --END-- [ RunTime:0.000100s ]

[ 2017-03-08T11:12:33+08:00 ] 127.0.0.1 /DomainSystem/index.php/Admin/Customer/customerlist
INFO: [ app_init ] --START--
INFO: Run Behavior\BuildLiteBehavior [ RunTime:0.000011s ]
INFO: [ app_init ] --END-- [ RunTime:0.000068s ]
INFO: [ app_begin ] --START--
INFO: Run Behavior\ReadHtmlCacheBehavior [ RunTime:0.000056s ]
INFO: [ app_begin ] --END-- [ RunTime:0.000088s ]
NOTIC: [8192] mysql_connect(): The mysql extension is deprecated and will be removed in the future: use mysqli or PDO instead /var/www/html/DomainSystem/ThinkPHP/Library/Think/Db/Driver/Mysql.class.php 第 52 行.
SQL: SHOW COLUMNS FROM `db_users` [ RunTime:0.000411s ]
NOTIC: [8] Undefined index: limit /var/www/html/DomainSystem/ThinkPHP/Library/Think/Db.class.php 第 788 行.
SQL: SELECT * FROM `db_users` WHERE ( id>=0 ) ORDER BY regtime desc LIMIT 0,20   [ RunTime:0.000044s ]
SQL: SELECT COUNT(*) AS tp_count FROM `db_users` WHERE ( id>=0 ) LIMIT 1   [ RunTime:0.000030s ]
INFO: [ view_parse ] --START--
INFO: [ template_filter ] --START--
INFO: Run Behavior\ContentReplaceBehavior [ RunTime:0.000070s ]
INFO: [ template_filter ] --END-- [ RunTime:0.000100s ]
INFO: Run Behavior\ParseTemplateBehavior [ RunTime:0.007533s ]
INFO: [ view_parse ] --END-- [ RunTime:0.007554s ]
INFO: [ view_filter ] --START--
INFO: Run Behavior\WriteHtmlCacheBehavior [ RunTime:0.000024s ]
INFO: [ view_filter ] --END-- [ RunTime:0.000035s ]
INFO: [ app_end ] --START--
INFO: Run Behavior\ShowPageTraceBehavior [ RunTime:0.000019s ]
INFO: [ app_end ] --END-- [ RunTime:0.000036s ]

[ 2017-03-08T11:12:34+08:00 ] 127.0.0.1 /DomainSystem/index.php/Admin/Customer/customeradd
INFO: [ app_init ] --START--
INFO: Run Behavior\BuildLiteBehavior [ RunTime:0.000011s ]
INFO: [ app_init ] --END-- [ RunTime:0.000067s ]
INFO: [ app_begin ] --START--
INFO: Run Behavior\ReadHtmlCacheBehavior [ RunTime:0.000029s ]
INFO: [ app_begin ] --END-- [ RunTime:0.000060s ]
INFO: [ view_parse ] --START--
INFO: [ template_filter ] --START--
INFO: Run Behavior\ContentReplaceBehavior [ RunTime:0.000076s ]
INFO: [ template_filter ] --END-- [ RunTime:0.000108s ]
NOTIC: [8] Undefined variable: profiles /var/www/html/DomainSystem/Application/Runtime/Cache/Admin/db0e2e2ed88c95528c81a46db074c6a7.php 第 603 行.
NOTIC: [8] Undefined variable: profiles /var/www/html/DomainSystem/Application/Runtime/Cache/Admin/db0e2e2ed88c95528c81a46db074c6a7.php 第 605 行.
NOTIC: [8] Undefined variable: profiles /var/www/html/DomainSystem/Application/Runtime/Cache/Admin/db0e2e2ed88c95528c81a46db074c6a7.php 第 607 行.
NOTIC: [8] Undefined variable: profiles /var/www/html/DomainSystem/Application/Runtime/Cache/Admin/db0e2e2ed88c95528c81a46db074c6a7.php 第 609 行.
NOTIC: [8] Undefined variable: profiles /var/www/html/DomainSystem/Application/Runtime/Cache/Admin/db0e2e2ed88c95528c81a46db074c6a7.php 第 619 行.
NOTIC: [8] Undefined variable: profiles /var/www/html/DomainSystem/Application/Runtime/Cache/Admin/db0e2e2ed88c95528c81a46db074c6a7.php 第 621 行.
NOTIC: [8] Undefined variable: profiles /var/www/html/DomainSystem/Application/Runtime/Cache/Admin/db0e2e2ed88c95528c81a46db074c6a7.php 第 624 行.
NOTIC: [8] Undefined variable: profiles /var/www/html/DomainSystem/Application/Runtime/Cache/Admin/db0e2e2ed88c95528c81a46db074c6a7.php 第 626 行.
NOTIC: [8] Undefined variable: profiles /var/www/html/DomainSystem/Application/Runtime/Cache/Admin/db0e2e2ed88c95528c81a46db074c6a7.php 第 628 行.
NOTIC: [8] Undefined variable: profiles /var/www/html/DomainSystem/Application/Runtime/Cache/Admin/db0e2e2ed88c95528c81a46db074c6a7.php 第 630 行.
NOTIC: [8] Undefined variable: profiles /var/www/html/DomainSystem/Application/Runtime/Cache/Admin/db0e2e2ed88c95528c81a46db074c6a7.php 第 632 行.
NOTIC: [8] Undefined variable: profiles /var/www/html/DomainSystem/Application/Runtime/Cache/Admin/db0e2e2ed88c95528c81a46db074c6a7.php 第 634 行.
NOTIC: [8] Undefined variable: cusid /var/www/html/DomainSystem/Application/Runtime/Cache/Admin/db0e2e2ed88c95528c81a46db074c6a7.php 第 674 行.
INFO: Run Behavior\ParseTemplateBehavior [ RunTime:0.013738s ]
INFO: [ view_parse ] --END-- [ RunTime:0.013762s ]
INFO: [ view_filter ] --START--
INFO: Run Behavior\WriteHtmlCacheBehavior [ RunTime:0.000026s ]
INFO: [ view_filter ] --END-- [ RunTime:0.000038s ]
INFO: [ app_end ] --START--
INFO: Run Behavior\ShowPageTraceBehavior [ RunTime:0.000020s ]
INFO: [ app_end ] --END-- [ RunTime:0.000037s ]

[ 2017-03-08T11:13:07+08:00 ] 127.0.0.1 /DomainSystem/index.php/Admin/Customer/customeradd
INFO: [ app_init ] --START--
INFO: Run Behavior\BuildLiteBehavior [ RunTime:0.000009s ]
INFO: [ app_init ] --END-- [ RunTime:0.000084s ]
INFO: [ app_begin ] --START--
INFO: Run Behavior\ReadHtmlCacheBehavior [ RunTime:0.000027s ]
INFO: [ app_begin ] --END-- [ RunTime:0.000051s ]
INFO: [ view_parse ] --START--
INFO: [ template_filter ] --START--
INFO: Run Behavior\ContentReplaceBehavior [ RunTime:0.000098s ]
INFO: [ template_filter ] --END-- [ RunTime:0.000146s ]
NOTIC: [8] Undefined variable: profiles /var/www/html/DomainSystem/Application/Runtime/Cache/Admin/db0e2e2ed88c95528c81a46db074c6a7.php 第 593 行.
NOTIC: [8] Undefined variable: profiles /var/www/html/DomainSystem/Application/Runtime/Cache/Admin/db0e2e2ed88c95528c81a46db074c6a7.php 第 595 行.
NOTIC: [8] Undefined variable: profiles /var/www/html/DomainSystem/Application/Runtime/Cache/Admin/db0e2e2ed88c95528c81a46db074c6a7.php 第 597 行.
NOTIC: [8] Undefined variable: profiles /var/www/html/DomainSystem/Application/Runtime/Cache/Admin/db0e2e2ed88c95528c81a46db074c6a7.php 第 599 行.
NOTIC: [8] Undefined variable: profiles /var/www/html/DomainSystem/Application/Runtime/Cache/Admin/db0e2e2ed88c95528c81a46db074c6a7.php 第 609 行.
NOTIC: [8] Undefined variable: profiles /var/www/html/DomainSystem/Application/Runtime/Cache/Admin/db0e2e2ed88c95528c81a46db074c6a7.php 第 611 行.
NOTIC: [8] Undefined variable: profiles /var/www/html/DomainSystem/Application/Runtime/Cache/Admin/db0e2e2ed88c95528c81a46db074c6a7.php 第 614 行.
NOTIC: [8] Undefined variable: profiles /var/www/html/DomainSystem/Application/Runtime/Cache/Admin/db0e2e2ed88c95528c81a46db074c6a7.php 第 616 行.
NOTIC: [8] Undefined variable: profiles /var/www/html/DomainSystem/Application/Runtime/Cache/Admin/db0e2e2ed88c95528c81a46db074c6a7.php 第 618 行.
NOTIC: [8] Undefined variable: profiles /var/www/html/DomainSystem/Application/Runtime/Cache/Admin/db0e2e2ed88c95528c81a46db074c6a7.php 第 620 行.
NOTIC: [8] Undefined variable: profiles /var/www/html/DomainSystem/Application/Runtime/Cache/Admin/db0e2e2ed88c95528c81a46db074c6a7.php 第 622 行.
NOTIC: [8] Undefined variable: profiles /var/www/html/DomainSystem/Application/Runtime/Cache/Admin/db0e2e2ed88c95528c81a46db074c6a7.php 第 624 行.
NOTIC: [8] Undefined variable: cusid /var/www/html/DomainSystem/Application/Runtime/Cache/Admin/db0e2e2ed88c95528c81a46db074c6a7.php 第 664 行.
INFO: Run Behavior\ParseTemplateBehavior [ RunTime:0.013532s ]
INFO: [ view_parse ] --END-- [ RunTime:0.013552s ]
INFO: [ view_filter ] --START--
INFO: Run Behavior\WriteHtmlCacheBehavior [ RunTime:0.000032s ]
INFO: [ view_filter ] --END-- [ RunTime:0.000045s ]
INFO: [ app_end ] --START--
INFO: Run Behavior\ShowPageTraceBehavior [ RunTime:0.000086s ]
INFO: [ app_end ] --END-- [ RunTime:0.000152s ]

[ 2017-03-08T11:40:28+08:00 ] 127.0.0.1 /DomainSystem/index.php/Admin/Customer/customerlist
INFO: [ app_init ] --START--
INFO: Run Behavior\BuildLiteBehavior [ RunTime:0.000009s ]
INFO: [ app_init ] --END-- [ RunTime:0.000071s ]
INFO: [ app_begin ] --START--
INFO: Run Behavior\ReadHtmlCacheBehavior [ RunTime:0.000036s ]
INFO: [ app_begin ] --END-- [ RunTime:0.000057s ]
NOTIC: [8192] mysql_connect(): The mysql extension is deprecated and will be removed in the future: use mysqli or PDO instead /var/www/html/DomainSystem/ThinkPHP/Library/Think/Db/Driver/Mysql.class.php 第 52 行.
SQL: SHOW COLUMNS FROM `db_users` [ RunTime:0.000572s ]
NOTIC: [8] Undefined index: limit /var/www/html/DomainSystem/ThinkPHP/Library/Think/Db.class.php 第 788 行.
SQL: SELECT * FROM `db_users` WHERE ( id>=0 ) ORDER BY regtime desc LIMIT 0,20   [ RunTime:0.000073s ]
SQL: SELECT COUNT(*) AS tp_count FROM `db_users` WHERE ( id>=0 ) LIMIT 1   [ RunTime:0.000026s ]
INFO: [ view_parse ] --START--
INFO: [ template_filter ] --START--
INFO: Run Behavior\ContentReplaceBehavior [ RunTime:0.000090s ]
INFO: [ template_filter ] --END-- [ RunTime:0.000123s ]
INFO: Run Behavior\ParseTemplateBehavior [ RunTime:0.011966s ]
INFO: [ view_parse ] --END-- [ RunTime:0.011996s ]
INFO: [ view_filter ] --START--
INFO: Run Behavior\WriteHtmlCacheBehavior [ RunTime:0.000030s ]
INFO: [ view_filter ] --END-- [ RunTime:0.000045s ]
INFO: [ app_end ] --START--
INFO: Run Behavior\ShowPageTraceBehavior [ RunTime:0.000031s ]
INFO: [ app_end ] --END-- [ RunTime:0.000050s ]

[ 2017-03-08T11:40:31+08:00 ] 127.0.0.1 /DomainSystem/index.php/Admin/Customer/customerdetail/id/4
INFO: [ app_init ] --START--
INFO: Run Behavior\BuildLiteBehavior [ RunTime:0.000012s ]
INFO: [ app_init ] --END-- [ RunTime:0.000074s ]
INFO: [ app_begin ] --START--
INFO: Run Behavior\ReadHtmlCacheBehavior [ RunTime:0.000036s ]
INFO: [ app_begin ] --END-- [ RunTime:0.000067s ]
NOTIC: [8192] mysql_connect(): The mysql extension is deprecated and will be removed in the future: use mysqli or PDO instead /var/www/html/DomainSystem/ThinkPHP/Library/Think/Db/Driver/Mysql.class.php 第 52 行.
SQL: SHOW COLUMNS FROM `db_users` [ RunTime:0.000588s ]
SQL: SELECT * FROM `db_users` WHERE `id` = 4 LIMIT 1   [ RunTime:0.000352s ]
SQL: SHOW COLUMNS FROM `db_domainmgr` [ RunTime:0.000558s ]
SQL: SELECT * FROM `db_domainmgr` WHERE `username` = 'test' AND `status` = 'active' ORDER BY id desc  [ RunTime:0.000070s ]
SQL: SHOW COLUMNS FROM `db_order` [ RunTime:0.000431s ]
SQL: SELECT * FROM `db_order` WHERE `username` = 'test' ORDER BY issuedate desc  [ RunTime:0.000779s ]
INFO: [ view_parse ] --START--
INFO: [ template_filter ] --START--
INFO: Run Behavior\ContentReplaceBehavior [ RunTime:0.000221s ]
INFO: [ template_filter ] --END-- [ RunTime:0.000283s ]
NOTIC: [8] Undefined variable: page /var/www/html/DomainSystem/Application/Runtime/Cache/Admin/63409da7b17cd8d2f27e15d4f5e235b9.php 第 746 行.
NOTIC: [8] Undefined variable: page /var/www/html/DomainSystem/Application/Runtime/Cache/Admin/63409da7b17cd8d2f27e15d4f5e235b9.php 第 787 行.
INFO: Run Behavior\ParseTemplateBehavior [ RunTime:0.025646s ]
INFO: [ view_parse ] --END-- [ RunTime:0.025673s ]
INFO: [ view_filter ] --START--
INFO: Run Behavior\WriteHtmlCacheBehavior [ RunTime:0.000036s ]
INFO: [ view_filter ] --END-- [ RunTime:0.000062s ]
INFO: [ app_end ] --START--
INFO: Run Behavior\ShowPageTraceBehavior [ RunTime:0.000063s ]
INFO: [ app_end ] --END-- [ RunTime:0.000105s ]

[ 2017-03-08T11:40:34+08:00 ] 127.0.0.1 /DomainSystem/index.php/Admin/Order/orderdetail/id/2/flag/1
INFO: [ app_init ] --START--
INFO: Run Behavior\BuildLiteBehavior [ RunTime:0.000007s ]
INFO: [ app_init ] --END-- [ RunTime:0.000045s ]
INFO: [ app_begin ] --START--
INFO: Run Behavior\ReadHtmlCacheBehavior [ RunTime:0.000018s ]
INFO: [ app_begin ] --END-- [ RunTime:0.000034s ]
NOTIC: [8192] mysql_connect(): The mysql extension is deprecated and will be removed in the future: use mysqli or PDO instead /var/www/html/DomainSystem/ThinkPHP/Library/Think/Db/Driver/Mysql.class.php 第 52 行.
SQL: SHOW COLUMNS FROM `db_order` [ RunTime:0.000336s ]
SQL: SELECT * FROM `db_order` WHERE `id` = 2 LIMIT 1   [ RunTime:0.000169s ]
INFO: [ app_end ] --START--
INFO: Run Behavior\ShowPageTraceBehavior [ RunTime:0.000025s ]
INFO: [ app_end ] --END-- [ RunTime:0.000040s ]

